0 info it worked if it ends with ok
1 verbose cli [ '/usr/local/bin/node', '/usr/local/bin/npm', 'run', 'test' ]
2 info using npm@3.10.10
3 info using node@v6.9.1
4 verbose run-script [ 'pretest', 'test', 'posttest' ]
5 info lifecycle koa-send@2.0.2~pretest: koa-send@2.0.2
6 silly lifecycle koa-send@2.0.2~pretest: no script for pretest, continuing
7 info lifecycle koa-send@2.0.2~test: koa-send@2.0.2
8 verbose lifecycle koa-send@2.0.2~test: unsafe-perm in lifecycle true
9 verbose lifecycle koa-send@2.0.2~test: PATH: /usr/local/lib/node_modules/npm/bin/node-gyp-bin:/Users/Luke/Projects/OpenSource/koa/send/node_modules/.bin:/usr/local/heroku/bin:/usr/local/bin:/usr/bin:/bin:/usr/sbin:/sbin
10 verbose lifecycle koa-send@2.0.2~test: CWD: /Users/Luke/Projects/OpenSource/koa/send
11 silly lifecycle koa-send@2.0.2~test: Args: [ '-c', 'mocha --require should --reporter spec' ]
12 silly lifecycle koa-send@2.0.2~test: Returned: code: 30  signal: null
13 info lifecycle koa-send@2.0.2~test: Failed to exec test script
14 verbose stack Error: koa-send@2.0.2 test: `mocha --require should --reporter spec`
14 verbose stack Exit status 30
14 verbose stack     at EventEmitter.<anonymous> (/usr/local/lib/node_modules/npm/lib/utils/lifecycle.js:255:16)
14 verbose stack     at emitTwo (events.js:106:13)
14 verbose stack     at EventEmitter.emit (events.js:191:7)
14 verbose stack     at ChildProcess.<anonymous> (/usr/local/lib/node_modules/npm/lib/utils/spawn.js:40:14)
14 verbose stack     at emitTwo (events.js:106:13)
14 verbose stack     at ChildProcess.emit (events.js:191:7)
14 verbose stack     at maybeClose (internal/child_process.js:877:16)
14 verbose stack     at Process.ChildProcess._handle.onexit (internal/child_process.js:226:5)
15 verbose pkgid koa-send@2.0.2
16 verbose cwd /Users/Luke/Projects/OpenSource/koa/send
17 error Darwin 15.6.0
18 error argv "/usr/local/bin/node" "/usr/local/bin/npm" "run" "test"
19 error node v6.9.1
20 error npm  v3.10.10
21 error code ELIFECYCLE
22 error koa-send@2.0.2 test: `mocha --require should --reporter spec`
22 error Exit status 30
23 error Failed at the koa-send@2.0.2 test script 'mocha --require should --reporter spec'.
23 error Make sure you have the latest version of node.js and npm installed.
23 error If you do, this is most likely a problem with the koa-send package,
23 error not with npm itself.
23 error Tell the author that this fails on your system:
23 error     mocha --require should --reporter spec
23 error You can get information on how to open an issue for this project with:
23 error     npm bugs koa-send
23 error Or if that isn't available, you can get their info via:
23 error     npm owner ls koa-send
23 error There is likely additional logging output above.
24 verbose exit [ 1, true ]
